[2018-06-25T16:25:32.209+0200] [] [INFO] [NCLS-GFLAUNCHER-00005] [javax.enterprise.launcher] [tid: _ThreadID=1 _ThreadName=main] [timeMillis: 1529936732209] [levelValue: 800] [[
  JVM invocation command line:
C:\Program Files\Java\jdk1.8.0_121\bin\java.exe
-cp
C:/Users/Fabian/IdeaProjects/BuzzwordBingo/glassfish5/glassfish/modules/glassfish.jar
-XX:+UnlockDiagnosticVMOptions
-XX:NewRatio=2
-XX:MaxPermSize=192m
-Xmx512m
-javaagent:C:/Users/Fabian/IdeaProjects/BuzzwordBingo/glassfish5/glassfish/lib/monitor/flashlight-agent.jar
-client
-Djavax.xml.accessExternalSchema=all
-Djavax.net.ssl.trustStore=C:\Users\Fabian\IdeaProjects\BuzzwordBingo\glassfish5\glassfish\domains\domain1/config/cacerts.jks
-Djdk.tls.rejectClientInitiatedRenegotiation=true
-Djdk.corba.allowOutputStreamSubclass=true
-Dfelix.fileinstall.dir=C:\Users\Fabian\IdeaProjects\BuzzwordBingo\glassfish5\glassfish/modules/autostart/
-Dorg.glassfish.additionalOSGiBundlesToStart=org.apache.felix.shell,org.apache.felix.gogo.runtime,org.apache.felix.gogo.shell,org.apache.felix.gogo.command,org.apache.felix.shell.remote,org.apache.felix.fileinstall
-Dcom.sun.aas.installRoot=C:\Users\Fabian\IdeaProjects\BuzzwordBingo\glassfish5\glassfish
-Dfelix.fileinstall.poll=5000
-Djava.endorsed.dirs=C:\Users\Fabian\IdeaProjects\BuzzwordBingo\glassfish5\glassfish/modules/endorsed;C:\Users\Fabian\IdeaProjects\BuzzwordBingo\glassfish5\glassfish/lib/endorsed
-Djava.security.policy=C:\Users\Fabian\IdeaProjects\BuzzwordBingo\glassfish5\glassfish\domains\domain1/config/server.policy
-Dosgi.shell.telnet.maxconn=1
-Dfelix.fileinstall.bundles.startTransient=true
-Dcom.sun.enterprise.config.config_environment_factory_class=com.sun.enterprise.config.serverbeans.AppserverConfigEnvironmentFactory
-Dfelix.fileinstall.log.level=2
-Djavax.net.ssl.keyStore=C:\Users\Fabian\IdeaProjects\BuzzwordBingo\glassfish5\glassfish\domains\domain1/config/keystore.jks
-Djava.security.auth.login.config=C:\Users\Fabian\IdeaProjects\BuzzwordBingo\glassfish5\glassfish\domains\domain1/config/login.conf
-Dfelix.fileinstall.disableConfigSave=false
-Dfelix.fileinstall.bundles.new.start=true
-Dcom.sun.aas.instanceRoot=C:\Users\Fabian\IdeaProjects\BuzzwordBingo\glassfish5\glassfish\domains\domain1
-Dosgi.shell.telnet.port=6666
-Dgosh.args=--nointeractive
-Dcom.sun.enterprise.security.httpsOutboundKeyAlias=s1as
-Dosgi.shell.telnet.ip=127.0.0.1
-DANTLR_USE_DIRECT_CLASS_LOADING=true
-Djava.awt.headless=true
-Dcom.ctc.wstx.returnNullForDefaultNamespace=true
-Djava.ext.dirs=C:\Program Files\Java\jre1.8.0_131/lib/ext;C:\Program Files\Java\jre1.8.0_131/jre/lib/ext;C:\Users\Fabian\IdeaProjects\BuzzwordBingo\glassfish5\glassfish\domains\domain1/lib/ext
-Djdbc.drivers=org.apache.derby.jdbc.ClientDriver
-Djava.library.path=C:/Users/Fabian/IdeaProjects/BuzzwordBingo/glassfish5/glassfish/lib;C:/ProgramData/Oracle/Java/javapath;C:/Windows/Sun/Java/bin;C:/Windows/System32;C:/Windows;C:/Program Files (x86)/Intel/iCLS Client;C:/Program Files/Intel/iCLS Client;C:/Windows/System32/wbem;C:/Windows/System32/WindowsPowerShell/v1.0;C:/Program Files (x86)/Intel/Intel(R) Management Engine Components/DAL;C:/Program Files/Intel/Intel(R) Management Engine Components/DAL;C:/Program Files (x86)/Intel/Intel(R) Management Engine Components/IPT;C:/Program Files/Intel/Intel(R) Management Engine Components/IPT;C:/Program Files/Intel/WiFi/bin;C:/Program Files/Common Files/Intel/WirelessCommon;C:/Program Files/MiKTeX 2.9/miktex/bin/x64;C:/Program Files (x86)/GtkSharp/2.12/bin;C:/Program Files/MySQL/MySQL Utilities 1.6;C:/Program Files/nodejs;C:/Users/Fabian/Kitty;C:/Program Files (x86)/Sophos/Sophos SSL VPN Client/bin;C:/Program Files/CMake/bin;C:/Program Files/mingw-w64/x86_64-7.2.0-posix-seh-rt_v5-rev1/mingw64/bin;C:/opencv/build/bin;C:/Program Files (x86)/Nmap;C:/Users/Fabian/AppData/Local/GitHubDesktop/bin;C:/Users/Fabian/AppData/Local/Programs/MiKTeX 2.9/miktex/bin/x64;C:/OpenSG/lib;C:/Users/Fabian/AppData/Roaming/npm;C:/Users/Fabian/IdeaProjects/BuzzwordBingo/glassfish5/glassfish/bin
com.sun.enterprise.glassfish.bootstrap.ASMain
-upgrade
false
-domaindir
C:/Users/Fabian/IdeaProjects/BuzzwordBingo/glassfish5/glassfish/domains/domain1
-read-stdin
true
-asadmin-args
--host,,,localhost,,,--port,,,4848,,,--secure=false,,,--terse=false,,,--echo=false,,,--interactive=false,,,start-domain,,,--verbose=false,,,--watchdog=false,,,--debug=false,,,--domaindir,,,C:\Users\Fabian\IdeaProjects\BuzzwordBingo\glassfish5\glassfish\domains,,,domain1
-domainname
domain1
-instancename
server
-type
DAS
-verbose
false
-asadmin-classpath
C:/Users/Fabian/IdeaProjects/BuzzwordBingo/glassfish5/glassfish/lib/client/appserver-cli.jar
-debug
false
-asadmin-classname
com.sun.enterprise.admin.cli.AdminMain]]

[2018-06-25T16:26:01.106+0200] [glassfish 5.0] [INFO] [NCLS-LOGGING-00009] [javax.enterprise.logging] [tid: _ThreadID=18 _ThreadName=RunLevelControllerThread-1529936759813] [timeMillis: 1529936761106] [levelValue: 800] [[
  Running GlassFish Version: GlassFish Server Open Source Edition  5.0  (build 25)]]

[2018-06-25T16:26:01.121+0200] [glassfish 5.0] [INFO] [NCLS-LOGGING-00010] [javax.enterprise.logging] [tid: _ThreadID=18 _ThreadName=RunLevelControllerThread-1529936759813] [timeMillis: 1529936761121] [levelValue: 800] [[
  Server log file is using Formatter class: com.sun.enterprise.server.logging.ODLLogFormatter]]

[2018-06-25T16:26:01.636+0200] [glassfish 5.0] [INFO] [NCLS-SECURITY-01115] [javax.enterprise.system.core.security] [tid: _ThreadID=20 _ThreadName=RunLevelControllerThread-1529936759891] [timeMillis: 1529936761636] [levelValue: 800] [[
  Realm [admin-realm] of classtype [com.sun.enterprise.security.auth.realm.file.FileRealm] successfully created.]]

[2018-06-25T16:26:01.652+0200] [glassfish 5.0] [INFO] [NCLS-SECURITY-01115] [javax.enterprise.system.core.security] [tid: _ThreadID=20 _ThreadName=RunLevelControllerThread-1529936759891] [timeMillis: 1529936761652] [levelValue: 800] [[
  Realm [file] of classtype [com.sun.enterprise.security.auth.realm.file.FileRealm] successfully created.]]

[2018-06-25T16:26:01.761+0200] [glassfish 5.0] [INFO] [NCLS-SECURITY-01115] [javax.enterprise.system.core.security] [tid: _ThreadID=20 _ThreadName=RunLevelControllerThread-1529936759891] [timeMillis: 1529936761761] [levelValue: 800] [[
  Realm [certificate] of classtype [com.sun.enterprise.security.auth.realm.certificate.CertificateRealm] successfully created.]]

[2018-06-25T16:26:02.245+0200] [glassfish 5.0] [INFO] [SEC-SVCS-00100] [javax.enterprise.security.services] [tid: _ThreadID=17 _ThreadName=RunLevelControllerThread-1529936759813] [timeMillis: 1529936762245] [levelValue: 800] [[
  Authorization Service has successfully initialized.]]

[2018-06-25T16:26:02.962+0200] [glassfish 5.0] [INFO] [] [org.glassfish.ha.store.spi.BackingStoreFactoryRegistry] [tid: _ThreadID=20 _ThreadName=RunLevelControllerThread-1529936759891] [timeMillis: 1529936762962] [levelValue: 800] [[
  Registered org.glassfish.ha.store.adapter.cache.ShoalBackingStoreProxy for persistence-type = replicated in BackingStoreFactoryRegistry]]

[2018-06-25T16:26:03.134+0200] [glassfish 5.0] [INFO] [] [org.hibernate.validator.internal.util.Version] [tid: _ThreadID=17 _ThreadName=RunLevelControllerThread-1529936759813] [timeMillis: 1529936763134] [levelValue: 800] [[
  HV000001: Hibernate Validator 6.0.2.Final]]

[2018-06-25T16:26:03.555+0200] [glassfish 5.0] [INFO] [NCLS-CORE-00087] [javax.enterprise.system.core] [tid: _ThreadID=19 _ThreadName=RunLevelControllerThread-1529936759891] [timeMillis: 1529936763555] [levelValue: 800] [[
  Grizzly Framework 2.4.1 started in: 125ms - bound to [/0.0.0.0:8080]]]

[2018-06-25T16:26:03.820+0200] [glassfish 5.0] [INFO] [NCLS-CORE-00087] [javax.enterprise.system.core] [tid: _ThreadID=19 _ThreadName=RunLevelControllerThread-1529936759891] [timeMillis: 1529936763820] [levelValue: 800] [[
  Grizzly Framework 2.4.1 started in: 15ms - bound to [/0.0.0.0:8181]]]

[2018-06-25T16:26:03.976+0200] [glassfish 5.0] [INFO] [NCLS-CORE-00087] [javax.enterprise.system.core] [tid: _ThreadID=19 _ThreadName=RunLevelControllerThread-1529936759891] [timeMillis: 1529936763976] [levelValue: 800] [[
  Grizzly Framework 2.4.1 started in: 140ms - bound to [/0.0.0.0:4848]]]

[2018-06-25T16:26:04.585+0200] [glassfish 5.0] [INFO] [NCLS-CORE-00087] [javax.enterprise.system.core] [tid: _ThreadID=19 _ThreadName=RunLevelControllerThread-1529936759891] [timeMillis: 1529936764585] [levelValue: 800] [[
  Grizzly Framework 2.4.1 started in: 47ms - bound to [/0.0.0.0:3700]]]

[2018-06-25T16:26:06.302+0200] [glassfish 5.0] [INFO] [NCLS-CORE-00017] [javax.enterprise.system.core] [tid: _ThreadID=1 _ThreadName=main] [timeMillis: 1529936766302] [levelValue: 800] [[
  GlassFish Server Open Source Edition  5.0  (25) startup time : Felix (26.337ms), startup services(6.552ms), total(32.889ms)]]

[2018-06-25T16:26:08.610+0200] [glassfish 5.0] [INFO] [jts.startup_msg] [javax.enterprise.system.core.transaction.com.sun.jts.CosTransactions] [tid: _ThreadID=18 _ThreadName=RunLevelControllerThread-1529936759813] [timeMillis: 1529936768610] [levelValue: 800] [[
  JTS5014: Recoverable JTS instance, serverId = [100]]]

[2018-06-25T16:26:09.156+0200] [glassfish 5.0] [INFO] [NCLS-BOOTSTRAP-00027] [javax.enterprise.bootstrap] [tid: _ThreadID=1 _ThreadName=main] [timeMillis: 1529936769156] [levelValue: 800] [[
  Registered com.sun.enterprise.glassfish.bootstrap.osgi.EmbeddedOSGiGlassFishImpl@6c6017b9 as OSGi service registration: org.apache.felix.framework.ServiceRegistrationImpl@2d5ef498.]]

[2018-06-25T16:26:10.061+0200] [glassfish 5.0] [SEVERE] [] [javax.enterprise.system.core] [tid: _ThreadID=44 _ThreadName=admin-listener(3)] [timeMillis: 1529936770061] [levelValue: 1000] [[
  Archive type of C:\Users\Fabian\IdeaProjects\BuzzwordBingo\out\artifacts\BuzzwordBingo_ear_exploded was not recognized]]

[2018-06-25T16:26:10.233+0200] [glassfish 5.0] [INFO] [NCLS-JMX-00005] [javax.enterprise.system.jmx] [tid: _ThreadID=61 _ThreadName=Thread-14] [timeMillis: 1529936770233] [levelValue: 800] [[
  JMXStartupService has started JMXConnector on JMXService URL service:jmx:rmi://LXN5.hsg2.local:8686/jndi/rmi://LXN5.hsg2.local:8686/jmxrmi]]

[2018-06-25T16:26:51.678+0200] [glassfish 5.0] [INFO] [NCLS-REST-00001] [javax.enterprise.admin.rest] [tid: _ThreadID=45 _ThreadName=admin-listener(4)] [timeMillis: 1529936811678] [levelValue: 800] [[
  Listening to REST requests at context: /command/domain.]]

[2018-06-25T16:26:55.612+0200] [glassfish 5.0] [INFO] [NCLS-CORE-00092] [javax.enterprise.system.core] [tid: _ThreadID=85 _ThreadName=Thread-20] [timeMillis: 1529936815612] [levelValue: 800] [[
  Server shutdown initiated]]

[2018-06-25T16:26:55.612+0200] [glassfish 5.0] [INFO] [NCLS-BOOTSTRAP-00028] [javax.enterprise.bootstrap] [tid: _ThreadID=85 _ThreadName=Thread-20] [timeMillis: 1529936815612] [levelValue: 800] [[
  Unregistered com.sun.enterprise.glassfish.bootstrap.osgi.EmbeddedOSGiGlassFishImpl@6c6017b9 from service registry.]]

[2018-06-25T16:26:55.612+0200] [glassfish 5.0] [INFO] [] [] [tid: _ThreadID=85 _ThreadName=Thread-8] [timeMillis: 1529936815612] [levelValue: 800] [[
  FileMonitoring shutdown]]

[2018-06-25T16:26:55.627+0200] [glassfish 5.0] [INFO] [NCLS-JMX-00002] [javax.enterprise.system.jmx] [tid: _ThreadID=85 _ThreadName=Thread-20] [timeMillis: 1529936815627] [levelValue: 800] [[
  JMXStartupService: Stopped JMXConnectorServer: null]]

[2018-06-25T16:26:55.643+0200] [glassfish 5.0] [INFO] [NCLS-JMX-00001] [javax.enterprise.system.jmx] [tid: _ThreadID=85 _ThreadName=Thread-20] [timeMillis: 1529936815643] [levelValue: 800] [[
  JMXStartupService and JMXConnectors have been shut down.]]

[2018-06-25T16:27:27.679+0200] [] [INFO] [NCLS-GFLAUNCHER-00005] [javax.enterprise.launcher] [tid: _ThreadID=1 _ThreadName=main] [timeMillis: 1529936847679] [levelValue: 800] [[
  JVM invocation command line:
C:\Program Files\Java\jdk1.8.0_121\bin\java.exe
-cp
C:/Users/Fabian/IdeaProjects/BuzzwordBingo/glassfish5/glassfish/modules/glassfish.jar
-XX:+UnlockDiagnosticVMOptions
-XX:NewRatio=2
-XX:MaxPermSize=192m
-Xmx512m
-javaagent:C:/Users/Fabian/IdeaProjects/BuzzwordBingo/glassfish5/glassfish/lib/monitor/flashlight-agent.jar
-client
-Djavax.xml.accessExternalSchema=all
-Djavax.net.ssl.trustStore=C:\Users\Fabian\IdeaProjects\BuzzwordBingo\glassfish5\glassfish\domains\domain1/config/cacerts.jks
-Djdk.tls.rejectClientInitiatedRenegotiation=true
-Djdk.corba.allowOutputStreamSubclass=true
-Dfelix.fileinstall.dir=C:\Users\Fabian\IdeaProjects\BuzzwordBingo\glassfish5\glassfish/modules/autostart/
-Dorg.glassfish.additionalOSGiBundlesToStart=org.apache.felix.shell,org.apache.felix.gogo.runtime,org.apache.felix.gogo.shell,org.apache.felix.gogo.command,org.apache.felix.shell.remote,org.apache.felix.fileinstall
-Dcom.sun.aas.installRoot=C:\Users\Fabian\IdeaProjects\BuzzwordBingo\glassfish5\glassfish
-Dfelix.fileinstall.poll=5000
-Djava.endorsed.dirs=C:\Users\Fabian\IdeaProjects\BuzzwordBingo\glassfish5\glassfish/modules/endorsed;C:\Users\Fabian\IdeaProjects\BuzzwordBingo\glassfish5\glassfish/lib/endorsed
-Djava.security.policy=C:\Users\Fabian\IdeaProjects\BuzzwordBingo\glassfish5\glassfish\domains\domain1/config/server.policy
-Dosgi.shell.telnet.maxconn=1
-Dfelix.fileinstall.bundles.startTransient=true
-Dcom.sun.enterprise.config.config_environment_factory_class=com.sun.enterprise.config.serverbeans.AppserverConfigEnvironmentFactory
-Dfelix.fileinstall.log.level=2
-Djavax.net.ssl.keyStore=C:\Users\Fabian\IdeaProjects\BuzzwordBingo\glassfish5\glassfish\domains\domain1/config/keystore.jks
-Djava.security.auth.login.config=C:\Users\Fabian\IdeaProjects\BuzzwordBingo\glassfish5\glassfish\domains\domain1/config/login.conf
-Dfelix.fileinstall.disableConfigSave=false
-Dfelix.fileinstall.bundles.new.start=true
-Dcom.sun.aas.instanceRoot=C:\Users\Fabian\IdeaProjects\BuzzwordBingo\glassfish5\glassfish\domains\domain1
-Dosgi.shell.telnet.port=6666
-Dgosh.args=--nointeractive
-Dcom.sun.enterprise.security.httpsOutboundKeyAlias=s1as
-Dosgi.shell.telnet.ip=127.0.0.1
-DANTLR_USE_DIRECT_CLASS_LOADING=true
-Djava.awt.headless=true
-Dcom.ctc.wstx.returnNullForDefaultNamespace=true
-Djava.ext.dirs=C:\Program Files\Java\jre1.8.0_131/lib/ext;C:\Program Files\Java\jre1.8.0_131/jre/lib/ext;C:\Users\Fabian\IdeaProjects\BuzzwordBingo\glassfish5\glassfish\domains\domain1/lib/ext
-Djdbc.drivers=org.apache.derby.jdbc.ClientDriver
-Djava.library.path=C:/Users/Fabian/IdeaProjects/BuzzwordBingo/glassfish5/glassfish/lib;C:/ProgramData/Oracle/Java/javapath;C:/Windows/Sun/Java/bin;C:/Windows/System32;C:/Windows;C:/Program Files (x86)/Intel/iCLS Client;C:/Program Files/Intel/iCLS Client;C:/Windows/System32/wbem;C:/Windows/System32/WindowsPowerShell/v1.0;C:/Program Files (x86)/Intel/Intel(R) Management Engine Components/DAL;C:/Program Files/Intel/Intel(R) Management Engine Components/DAL;C:/Program Files (x86)/Intel/Intel(R) Management Engine Components/IPT;C:/Program Files/Intel/Intel(R) Management Engine Components/IPT;C:/Program Files/Intel/WiFi/bin;C:/Program Files/Common Files/Intel/WirelessCommon;C:/Program Files/MiKTeX 2.9/miktex/bin/x64;C:/Program Files (x86)/GtkSharp/2.12/bin;C:/Program Files/MySQL/MySQL Utilities 1.6;C:/Program Files/nodejs;C:/Users/Fabian/Kitty;C:/Program Files (x86)/Sophos/Sophos SSL VPN Client/bin;C:/Program Files/CMake/bin;C:/Program Files/mingw-w64/x86_64-7.2.0-posix-seh-rt_v5-rev1/mingw64/bin;C:/opencv/build/bin;C:/Program Files (x86)/Nmap;C:/Users/Fabian/AppData/Local/GitHubDesktop/bin;C:/Users/Fabian/AppData/Local/Programs/MiKTeX 2.9/miktex/bin/x64;C:/OpenSG/lib;C:/Users/Fabian/AppData/Roaming/npm;C:/Users/Fabian/IdeaProjects/BuzzwordBingo/glassfish5/glassfish/bin
com.sun.enterprise.glassfish.bootstrap.ASMain
-upgrade
false
-domaindir
C:/Users/Fabian/IdeaProjects/BuzzwordBingo/glassfish5/glassfish/domains/domain1
-read-stdin
true
-asadmin-args
--host,,,localhost,,,--port,,,4848,,,--secure=false,,,--terse=false,,,--echo=false,,,--interactive=false,,,start-domain,,,--verbose=false,,,--watchdog=false,,,--debug=false,,,--domaindir,,,C:\Users\Fabian\IdeaProjects\BuzzwordBingo\glassfish5\glassfish\domains,,,domain1
-domainname
domain1
-instancename
server
-type
DAS
-verbose
false
-asadmin-classpath
C:/Users/Fabian/IdeaProjects/BuzzwordBingo/glassfish5/glassfish/lib/client/appserver-cli.jar
-debug
false
-asadmin-classname
com.sun.enterprise.admin.cli.AdminMain]]

[2018-06-25T16:27:39.063+0200] [glassfish 5.0] [INFO] [NCLS-LOGGING-00009] [javax.enterprise.logging] [tid: _ThreadID=17 _ThreadName=RunLevelControllerThread-1529936858860] [timeMillis: 1529936859063] [levelValue: 800] [[
  Running GlassFish Version: GlassFish Server Open Source Edition  5.0  (build 25)]]

[2018-06-25T16:27:39.078+0200] [glassfish 5.0] [INFO] [NCLS-LOGGING-00010] [javax.enterprise.logging] [tid: _ThreadID=17 _ThreadName=RunLevelControllerThread-1529936858860] [timeMillis: 1529936859078] [levelValue: 800] [[
  Server log file is using Formatter class: com.sun.enterprise.server.logging.ODLLogFormatter]]

[2018-06-25T16:27:39.250+0200] [glassfish 5.0] [INFO] [NCLS-SECURITY-01115] [javax.enterprise.system.core.security] [tid: _ThreadID=18 _ThreadName=RunLevelControllerThread-1529936858875] [timeMillis: 1529936859250] [levelValue: 800] [[
  Realm [admin-realm] of classtype [com.sun.enterprise.security.auth.realm.file.FileRealm] successfully created.]]

[2018-06-25T16:27:39.250+0200] [glassfish 5.0] [INFO] [NCLS-SECURITY-01115] [javax.enterprise.system.core.security] [tid: _ThreadID=18 _ThreadName=RunLevelControllerThread-1529936858875] [timeMillis: 1529936859250] [levelValue: 800] [[
  Realm [file] of classtype [com.sun.enterprise.security.auth.realm.file.FileRealm] successfully created.]]

[2018-06-25T16:27:39.250+0200] [glassfish 5.0] [INFO] [NCLS-SECURITY-01115] [javax.enterprise.system.core.security] [tid: _ThreadID=18 _ThreadName=RunLevelControllerThread-1529936858875] [timeMillis: 1529936859250] [levelValue: 800] [[
  Realm [certificate] of classtype [com.sun.enterprise.security.auth.realm.certificate.CertificateRealm] successfully created.]]

[2018-06-25T16:27:39.485+0200] [glassfish 5.0] [INFO] [] [org.glassfish.ha.store.spi.BackingStoreFactoryRegistry] [tid: _ThreadID=19 _ThreadName=RunLevelControllerThread-1529936858875] [timeMillis: 1529936859485] [levelValue: 800] [[
  Registered org.glassfish.ha.store.adapter.cache.ShoalBackingStoreProxy for persistence-type = replicated in BackingStoreFactoryRegistry]]

[2018-06-25T16:27:39.750+0200] [glassfish 5.0] [INFO] [SEC-SVCS-00100] [javax.enterprise.security.services] [tid: _ThreadID=17 _ThreadName=RunLevelControllerThread-1529936858860] [timeMillis: 1529936859750] [levelValue: 800] [[
  Authorization Service has successfully initialized.]]

[2018-06-25T16:27:40.748+0200] [glassfish 5.0] [INFO] [NCLS-CORE-00087] [javax.enterprise.system.core] [tid: _ThreadID=18 _ThreadName=RunLevelControllerThread-1529936858875] [timeMillis: 1529936860748] [levelValue: 800] [[
  Grizzly Framework 2.4.1 started in: 31ms - bound to [/0.0.0.0:8080]]]

[2018-06-25T16:27:40.982+0200] [glassfish 5.0] [INFO] [NCLS-CORE-00087] [javax.enterprise.system.core] [tid: _ThreadID=18 _ThreadName=RunLevelControllerThread-1529936858875] [timeMillis: 1529936860982] [levelValue: 800] [[
  Grizzly Framework 2.4.1 started in: 15ms - bound to [/0.0.0.0:8181]]]

[2018-06-25T16:27:40.982+0200] [glassfish 5.0] [INFO] [NCLS-CORE-00087] [javax.enterprise.system.core] [tid: _ThreadID=18 _ThreadName=RunLevelControllerThread-1529936858875] [timeMillis: 1529936860982] [levelValue: 800] [[
  Grizzly Framework 2.4.1 started in: 0ms - bound to [/0.0.0.0:4848]]]

[2018-06-25T16:27:41.107+0200] [glassfish 5.0] [INFO] [NCLS-CORE-00087] [javax.enterprise.system.core] [tid: _ThreadID=19 _ThreadName=RunLevelControllerThread-1529936858875] [timeMillis: 1529936861107] [levelValue: 800] [[
  Grizzly Framework 2.4.1 started in: 15ms - bound to [/0.0.0.0:3700]]]

[2018-06-25T16:27:41.107+0200] [glassfish 5.0] [INFO] [NCLS-CORE-00017] [javax.enterprise.system.core] [tid: _ThreadID=1 _ThreadName=main] [timeMillis: 1529936861107] [levelValue: 800] [[
  GlassFish Server Open Source Edition  5.0  (25) startup time : Felix (10.710ms), startup services(2.263ms), total(12.973ms)]]

[2018-06-25T16:27:44.606+0200] [glassfish 5.0] [INFO] [jts.startup_msg] [javax.enterprise.system.core.transaction.com.sun.jts.CosTransactions] [tid: _ThreadID=17 _ThreadName=RunLevelControllerThread-1529936858860] [timeMillis: 1529936864606] [levelValue: 800] [[
  JTS5014: Recoverable JTS instance, serverId = [100]]]

[2018-06-25T16:27:44.871+0200] [glassfish 5.0] [INFO] [] [org.hibernate.validator.internal.util.Version] [tid: _ThreadID=43 _ThreadName=admin-listener(2)] [timeMillis: 1529936864871] [levelValue: 800] [[
  HV000001: Hibernate Validator 6.0.2.Final]]

[2018-06-25T16:27:45.171+0200] [glassfish 5.0] [INFO] [NCLS-BOOTSTRAP-00027] [javax.enterprise.bootstrap] [tid: _ThreadID=1 _ThreadName=main] [timeMillis: 1529936865171] [levelValue: 800] [[
  Registered com.sun.enterprise.glassfish.bootstrap.osgi.EmbeddedOSGiGlassFishImpl@58cec85b as OSGi service registration: org.apache.felix.framework.ServiceRegistrationImpl@7bde1f3a.]]

[2018-06-25T16:27:46.029+0200] [glassfish 5.0] [INFO] [NCLS-JMX-00005] [javax.enterprise.system.jmx] [tid: _ThreadID=55 _ThreadName=Thread-16] [timeMillis: 1529936866029] [levelValue: 800] [[
  JMXStartupService has started JMXConnector on JMXService URL service:jmx:rmi://LXN5.hsg2.local:8686/jndi/rmi://LXN5.hsg2.local:8686/jmxrmi]]

[2018-06-25T16:27:47.510+0200] [glassfish 5.0] [INFO] [] [javax.enterprise.system.tools.deployment.common] [tid: _ThreadID=45 _ThreadName=admin-listener(4)] [timeMillis: 1529936867510] [levelValue: 800] [[
  visiting unvisited references]]

[2018-06-25T16:27:48.478+0200] [glassfish 5.0] [INFO] [NCLS-SECURITY-01002] [javax.enterprise.system.core.security] [tid: _ThreadID=45 _ThreadName=admin-listener(4)] [timeMillis: 1529936868478] [levelValue: 800] [[
  Java security manager is disabled.]]

[2018-06-25T16:27:48.478+0200] [glassfish 5.0] [INFO] [NCLS-SECURITY-01010] [javax.enterprise.system.core.security] [tid: _ThreadID=45 _ThreadName=admin-listener(4)] [timeMillis: 1529936868478] [levelValue: 800] [[
  Entering Security Startup Service.]]

[2018-06-25T16:27:48.478+0200] [glassfish 5.0] [INFO] [NCLS-SECURITY-01143] [javax.enterprise.system.core.security] [tid: _ThreadID=45 _ThreadName=admin-listener(4)] [timeMillis: 1529936868478] [levelValue: 800] [[
  Loading policy provider com.sun.enterprise.security.provider.PolicyWrapper.]]

[2018-06-25T16:27:48.541+0200] [glassfish 5.0] [INFO] [NCLS-SECURITY-01011] [javax.enterprise.system.core.security] [tid: _ThreadID=45 _ThreadName=admin-listener(4)] [timeMillis: 1529936868541] [levelValue: 800] [[
  Security Service(s) started successfully.]]

[2018-06-25T16:27:48.822+0200] [glassfish 5.0] [INFO] [AS-WEB-GLUE-00198] [javax.enterprise.web] [tid: _ThreadID=45 _ThreadName=admin-listener(4)] [timeMillis: 1529936868822] [levelValue: 800] [[
  Created HTTP listener http-listener-1 on host/port 0.0.0.0:8080]]

[2018-06-25T16:27:48.838+0200] [glassfish 5.0] [INFO] [AS-WEB-GLUE-00198] [javax.enterprise.web] [tid: _ThreadID=45 _ThreadName=admin-listener(4)] [timeMillis: 1529936868838] [levelValue: 800] [[
  Created HTTP listener http-listener-2 on host/port 0.0.0.0:8181]]

[2018-06-25T16:27:48.838+0200] [glassfish 5.0] [INFO] [AS-WEB-GLUE-00198] [javax.enterprise.web] [tid: _ThreadID=45 _ThreadName=admin-listener(4)] [timeMillis: 1529936868838] [levelValue: 800] [[
  Created HTTP listener admin-listener on host/port 0.0.0.0:4848]]

[2018-06-25T16:27:48.869+0200] [glassfish 5.0] [INFO] [AS-WEB-GLUE-00200] [javax.enterprise.web] [tid: _ThreadID=45 _ThreadName=admin-listener(4)] [timeMillis: 1529936868869] [levelValue: 800] [[
  Created virtual server server]]

[2018-06-25T16:27:48.869+0200] [glassfish 5.0] [INFO] [AS-WEB-GLUE-00200] [javax.enterprise.web] [tid: _ThreadID=45 _ThreadName=admin-listener(4)] [timeMillis: 1529936868869] [levelValue: 800] [[
  Created virtual server __asadmin]]

[2018-06-25T16:27:49.165+0200] [glassfish 5.0] [INFO] [AS-WEB-CORE-00306] [javax.enterprise.web.core] [tid: _ThreadID=45 _ThreadName=admin-listener(4)] [timeMillis: 1529936869165] [levelValue: 800] [[
  Setting JAAS app name glassfish-web]]

[2018-06-25T16:27:49.165+0200] [glassfish 5.0] [INFO] [AS-WEB-GLUE-00201] [javax.enterprise.web] [tid: _ThreadID=45 _ThreadName=admin-listener(4)] [timeMillis: 1529936869165] [levelValue: 800] [[
  Virtual server server loaded default web module ]]

[2018-06-25T16:27:49.932+0200] [glassfish 5.0] [INFO] [] [org.jboss.weld.Version] [tid: _ThreadID=45 _ThreadName=admin-listener(4)] [timeMillis: 1529936869932] [levelValue: 800] [[
  WELD-000900: 3.0.0 (Final)]]

[2018-06-25T16:27:50.525+0200] [glassfish 5.0] [INFO] [] [org.jboss.weld.Event] [tid: _ThreadID=45 _ThreadName=admin-listener(4)] [timeMillis: 1529936870525] [levelValue: 800] [[
  WELD-000411: Observer method [BackedAnnotatedMethod] private org.glassfish.jersey.ext.cdi1x.internal.CdiComponentProvider.processAnnotatedType(@Observes ProcessAnnotatedType) receives events for all annotated types. Consider restricting events using @WithAnnotations or a generic type with bounds.]]

[2018-06-25T16:27:50.557+0200] [glassfish 5.0] [INFO] [] [org.jboss.weld.Event] [tid: _ThreadID=45 _ThreadName=admin-listener(4)] [timeMillis: 1529936870557] [levelValue: 800] [[
  WELD-000411: Observer method [BackedAnnotatedMethod] org.glassfish.sse.impl.ServerSentEventCdiExtension.processAnnotatedType(@Observes ProcessAnnotatedType<T>, BeanManager) receives events for all annotated types. Consider restricting events using @WithAnnotations or a generic type with bounds.]]

[2018-06-25T16:27:50.588+0200] [glassfish 5.0] [WARN] [] [org.jboss.weld.Bootstrap] [tid: _ThreadID=45 _ThreadName=admin-listener(4)] [timeMillis: 1529936870588] [levelValue: 900] [[
  WELD-000146: BeforeBeanDiscovery.addAnnotatedType(AnnotatedType<?>) used for class org.glassfish.cdi.transaction.TransactionalInterceptorMandatory is deprecated from CDI 1.1!]]

[2018-06-25T16:27:50.603+0200] [glassfish 5.0] [WARN] [] [org.jboss.weld.Bootstrap] [tid: _ThreadID=45 _ThreadName=admin-listener(4)] [timeMillis: 1529936870603] [levelValue: 900] [[
  WELD-000146: BeforeBeanDiscovery.addAnnotatedType(AnnotatedType<?>) used for class org.glassfish.cdi.transaction.TransactionalInterceptorNever is deprecated from CDI 1.1!]]

[2018-06-25T16:27:50.603+0200] [glassfish 5.0] [WARN] [] [org.jboss.weld.Bootstrap] [tid: _ThreadID=45 _ThreadName=admin-listener(4)] [timeMillis: 1529936870603] [levelValue: 900] [[
  WELD-000146: BeforeBeanDiscovery.addAnnotatedType(AnnotatedType<?>) used for class org.glassfish.cdi.transaction.TransactionalInterceptorNotSupported is deprecated from CDI 1.1!]]

[2018-06-25T16:27:50.603+0200] [glassfish 5.0] [WARN] [] [org.jboss.weld.Bootstrap] [tid: _ThreadID=45 _ThreadName=admin-listener(4)] [timeMillis: 1529936870603] [levelValue: 900] [[
  WELD-000146: BeforeBeanDiscovery.addAnnotatedType(AnnotatedType<?>) used for class org.glassfish.cdi.transaction.TransactionalInterceptorRequired is deprecated from CDI 1.1!]]

[2018-06-25T16:27:50.603+0200] [glassfish 5.0] [WARN] [] [org.jboss.weld.Bootstrap] [tid: _ThreadID=45 _ThreadName=admin-listener(4)] [timeMillis: 1529936870603] [levelValue: 900] [[
  WELD-000146: BeforeBeanDiscovery.addAnnotatedType(AnnotatedType<?>) used for class org.glassfish.cdi.transaction.TransactionalInterceptorRequiresNew is deprecated from CDI 1.1!]]

[2018-06-25T16:27:50.603+0200] [glassfish 5.0] [WARN] [] [org.jboss.weld.Bootstrap] [tid: _ThreadID=45 _ThreadName=admin-listener(4)] [timeMillis: 1529936870603] [levelValue: 900] [[
  WELD-000146: BeforeBeanDiscovery.addAnnotatedType(AnnotatedType<?>) used for class org.glassfish.cdi.transaction.TransactionalInterceptorSupports is deprecated from CDI 1.1!]]

[2018-06-25T16:27:50.650+0200] [glassfish 5.0] [WARN] [] [org.jboss.weld.Bootstrap] [tid: _ThreadID=45 _ThreadName=admin-listener(4)] [timeMillis: 1529936870650] [levelValue: 900] [[
  WELD-000146: BeforeBeanDiscovery.addAnnotatedType(AnnotatedType<?>) used for class org.glassfish.jersey.ext.cdi1x.internal.CdiComponentProvider$JaxRsParamProducer is deprecated from CDI 1.1!]]

[2018-06-25T16:27:50.650+0200] [glassfish 5.0] [WARN] [] [org.jboss.weld.Bootstrap] [tid: _ThreadID=45 _ThreadName=admin-listener(4)] [timeMillis: 1529936870650] [levelValue: 900] [[
  WELD-000146: BeforeBeanDiscovery.addAnnotatedType(AnnotatedType<?>) used for class com.sun.faces.flow.FlowDiscoveryCDIHelper is deprecated from CDI 1.1!]]

[2018-06-25T16:27:50.666+0200] [glassfish 5.0] [WARN] [] [org.jboss.weld.Bootstrap] [tid: _ThreadID=45 _ThreadName=admin-listener(4)] [timeMillis: 1529936870666] [levelValue: 900] [[
  WELD-000146: BeforeBeanDiscovery.addAnnotatedType(AnnotatedType<?>) used for class org.glassfish.jersey.ext.cdi1x.servlet.internal.CdiExternalRequestScope is deprecated from CDI 1.1!]]

[2018-06-25T16:27:50.666+0200] [glassfish 5.0] [WARN] [] [org.jboss.weld.Bootstrap] [tid: _ThreadID=45 _ThreadName=admin-listener(4)] [timeMillis: 1529936870666] [levelValue: 900] [[
  WELD-000146: BeforeBeanDiscovery.addAnnotatedType(AnnotatedType<?>) used for class org.glassfish.jersey.ext.cdi1x.transaction.internal.WebAppExceptionHolder is deprecated from CDI 1.1!]]

[2018-06-25T16:27:50.666+0200] [glassfish 5.0] [WARN] [] [org.jboss.weld.Bootstrap] [tid: _ThreadID=45 _ThreadName=admin-listener(4)] [timeMillis: 1529936870666] [levelValue: 900] [[
  WELD-000146: BeforeBeanDiscovery.addAnnotatedType(AnnotatedType<?>) used for class org.glassfish.jersey.ext.cdi1x.transaction.internal.WebAppExceptionInterceptor is deprecated from CDI 1.1!]]

[2018-06-25T16:27:50.681+0200] [glassfish 5.0] [WARN] [] [org.jboss.weld.Bootstrap] [tid: _ThreadID=45 _ThreadName=admin-listener(4)] [timeMillis: 1529936870681] [levelValue: 900] [[
  WELD-000146: BeforeBeanDiscovery.addAnnotatedType(AnnotatedType<?>) used for class org.glassfish.jersey.ext.cdi1x.transaction.internal.TransactionalExceptionMapper is deprecated from CDI 1.1!]]

[2018-06-25T16:27:51.493+0200] [glassfish 5.0] [INFO] [] [org.glassfish.soteria.servlet.SamRegistrationInstaller] [tid: _ThreadID=45 _ThreadName=admin-listener(4)] [timeMillis: 1529936871493] [levelValue: 800] [[
  Initializing Soteria 1.0 for context '/BuzzwordBingo']]

[2018-06-25T16:27:51.695+0200] [glassfish 5.0] [INFO] [] [org.glassfish.tyrus.servlet.TyrusServletContainerInitializer] [tid: _ThreadID=45 _ThreadName=admin-listener(4)] [timeMillis: 1529936871695] [levelValue: 800] [[
  Registering WebSocket filter for url pattern /*]]

[2018-06-25T16:27:51.883+0200] [glassfish 5.0] [INFO] [jsf.config.listener.version] [javax.enterprise.resource.webcontainer.jsf.config] [tid: _ThreadID=45 _ThreadName=admin-listener(4)] [timeMillis: 1529936871883] [levelValue: 800] [[
  Mojarra 2.3.2 ( 20170627-2139 e63598abf2ed2bb1a24674f308a734e0dce18a72) für Kontext '/BuzzwordBingo' wird initialisiert.]]

[2018-06-25T16:27:55.970+0200] [glassfish 5.0] [INFO] [AS-WEB-GLUE-00172] [javax.enterprise.web] [tid: _ThreadID=45 _ThreadName=admin-listener(4)] [timeMillis: 1529936875970] [levelValue: 800] [[
  Loading application [BuzzwordBingo] at [/BuzzwordBingo]]]

[2018-06-25T16:27:56.282+0200] [glassfish 5.0] [INFO] [] [javax.enterprise.system.core] [tid: _ThreadID=45 _ThreadName=admin-listener(4)] [timeMillis: 1529936876282] [levelValue: 800] [[
  BuzzwordBingo was successfully deployed in 9.287 milliseconds.]]

[2018-06-25T16:28:39.787+0200] [glassfish 5.0] [INFO] [NCLS-REST-00001] [javax.enterprise.admin.rest] [tid: _ThreadID=46 _ThreadName=admin-listener(5)] [timeMillis: 1529936919787] [levelValue: 800] [[
  Listening to REST requests at context: /command/domain.]]

[2018-06-25T16:28:40.592+0200] [glassfish 5.0] [INFO] [NCLS-CORE-00092] [javax.enterprise.system.core] [tid: _ThreadID=107 _ThreadName=Thread-24] [timeMillis: 1529936920592] [levelValue: 800] [[
  Server shutdown initiated]]

[2018-06-25T16:28:40.776+0200] [glassfish 5.0] [INFO] [NCLS-BOOTSTRAP-00028] [javax.enterprise.bootstrap] [tid: _ThreadID=107 _ThreadName=Thread-24] [timeMillis: 1529936920776] [levelValue: 800] [[
  Unregistered com.sun.enterprise.glassfish.bootstrap.osgi.EmbeddedOSGiGlassFishImpl@58cec85b from service registry.]]

[2018-06-25T16:28:40.779+0200] [glassfish 5.0] [INFO] [] [] [tid: _ThreadID=107 _ThreadName=Thread-8] [timeMillis: 1529936920779] [levelValue: 800] [[
  FileMonitoring shutdown]]

[2018-06-25T16:28:40.839+0200] [glassfish 5.0] [INFO] [NCLS-JMX-00002] [javax.enterprise.system.jmx] [tid: _ThreadID=107 _ThreadName=Thread-24] [timeMillis: 1529936920839] [levelValue: 800] [[
  JMXStartupService: Stopped JMXConnectorServer: null]]

[2018-06-25T16:28:40.839+0200] [glassfish 5.0] [INFO] [NCLS-JMX-00001] [javax.enterprise.system.jmx] [tid: _ThreadID=107 _ThreadName=Thread-24] [timeMillis: 1529936920839] [levelValue: 800] [[
  JMXStartupService and JMXConnectors have been shut down.]]

[2018-06-25T16:28:41.151+0200] [glassfish 5.0] [INFO] [] [] [tid: _ThreadID=111 _ThreadName=Thread-8] [timeMillis: 1529936921151] [levelValue: 800] [[
  JdbcRuntimeExtension,  getAllSystemRAResourcesAndPools = [GlassFishConfigBean.org.glassfish.jdbc.config.JdbcResource, GlassFishConfigBean.org.glassfish.jdbc.config.JdbcResource, GlassFishConfigBean.org.glassfish.jdbc.config.JdbcConnectionPool, GlassFishConfigBean.org.glassfish.jdbc.config.JdbcConnectionPool]]]

[2018-06-30T09:53:50.595+0200] [] [INFO] [NCLS-GFLAUNCHER-00005] [javax.enterprise.launcher] [tid: _ThreadID=1 _ThreadName=main] [timeMillis: 1530345230595] [levelValue: 800] [[
  JVM invocation command line:
C:\Program Files\Java\jdk1.8.0_121\bin\java.exe
-cp
C:/Users/Fabian/IdeaProjects/BuzzwordBingo/glassfish5/glassfish/modules/glassfish.jar
-XX:+UnlockDiagnosticVMOptions
-XX:NewRatio=2
-XX:MaxPermSize=192m
-Xmx512m
-javaagent:C:/Users/Fabian/IdeaProjects/BuzzwordBingo/glassfish5/glassfish/lib/monitor/flashlight-agent.jar
-client
-Djavax.xml.accessExternalSchema=all
-Djavax.net.ssl.trustStore=C:\Users\Fabian\IdeaProjects\BuzzwordBingo\glassfish5\glassfish\domains\domain1/config/cacerts.jks
-Djdk.tls.rejectClientInitiatedRenegotiation=true
-Djdk.corba.allowOutputStreamSubclass=true
-Dfelix.fileinstall.dir=C:\Users\Fabian\IdeaProjects\BuzzwordBingo\glassfish5\glassfish/modules/autostart/
-Dorg.glassfish.additionalOSGiBundlesToStart=org.apache.felix.shell,org.apache.felix.gogo.runtime,org.apache.felix.gogo.shell,org.apache.felix.gogo.command,org.apache.felix.shell.remote,org.apache.felix.fileinstall
-Dcom.sun.aas.installRoot=C:\Users\Fabian\IdeaProjects\BuzzwordBingo\glassfish5\glassfish
-Dfelix.fileinstall.poll=5000
-Djava.endorsed.dirs=C:\Users\Fabian\IdeaProjects\BuzzwordBingo\glassfish5\glassfish/modules/endorsed;C:\Users\Fabian\IdeaProjects\BuzzwordBingo\glassfish5\glassfish/lib/endorsed
-Djava.security.policy=C:\Users\Fabian\IdeaProjects\BuzzwordBingo\glassfish5\glassfish\domains\domain1/config/server.policy
-Dosgi.shell.telnet.maxconn=1
-Dfelix.fileinstall.bundles.startTransient=true
-Dcom.sun.enterprise.config.config_environment_factory_class=com.sun.enterprise.config.serverbeans.AppserverConfigEnvironmentFactory
-Dfelix.fileinstall.log.level=2
-Djavax.net.ssl.keyStore=C:\Users\Fabian\IdeaProjects\BuzzwordBingo\glassfish5\glassfish\domains\domain1/config/keystore.jks
-Djava.security.auth.login.config=C:\Users\Fabian\IdeaProjects\BuzzwordBingo\glassfish5\glassfish\domains\domain1/config/login.conf
-Dfelix.fileinstall.disableConfigSave=false
-Dfelix.fileinstall.bundles.new.start=true
-Dcom.sun.aas.instanceRoot=C:\Users\Fabian\IdeaProjects\BuzzwordBingo\glassfish5\glassfish\domains\domain1
-Dosgi.shell.telnet.port=6666
-Dgosh.args=--nointeractive
-Dcom.sun.enterprise.security.httpsOutboundKeyAlias=s1as
-Dosgi.shell.telnet.ip=127.0.0.1
-DANTLR_USE_DIRECT_CLASS_LOADING=true
-Djava.awt.headless=true
-Dcom.ctc.wstx.returnNullForDefaultNamespace=true
-Djava.ext.dirs=C:\Program Files\Java\jre1.8.0_131/lib/ext;C:\Program Files\Java\jre1.8.0_131/jre/lib/ext;C:\Users\Fabian\IdeaProjects\BuzzwordBingo\glassfish5\glassfish\domains\domain1/lib/ext
-Djdbc.drivers=org.apache.derby.jdbc.ClientDriver
-Djava.library.path=C:/Users/Fabian/IdeaProjects/BuzzwordBingo/glassfish5/glassfish/lib;C:/ProgramData/Oracle/Java/javapath;C:/Windows/Sun/Java/bin;C:/Windows/System32;C:/Windows;C:/Program Files (x86)/Intel/iCLS Client;C:/Program Files/Intel/iCLS Client;C:/Windows/System32/wbem;C:/Windows/System32/WindowsPowerShell/v1.0;C:/Program Files (x86)/Intel/Intel(R) Management Engine Components/DAL;C:/Program Files/Intel/Intel(R) Management Engine Components/DAL;C:/Program Files (x86)/Intel/Intel(R) Management Engine Components/IPT;C:/Program Files/Intel/Intel(R) Management Engine Components/IPT;C:/Program Files/Intel/WiFi/bin;C:/Program Files/Common Files/Intel/WirelessCommon;C:/Program Files/MiKTeX 2.9/miktex/bin/x64;C:/Program Files (x86)/GtkSharp/2.12/bin;C:/Program Files/MySQL/MySQL Utilities 1.6;C:/Program Files/nodejs;C:/Users/Fabian/Kitty;C:/Program Files (x86)/Sophos/Sophos SSL VPN Client/bin;C:/Program Files/CMake/bin;C:/Program Files/mingw-w64/x86_64-7.2.0-posix-seh-rt_v5-rev1/mingw64/bin;C:/opencv/build/bin;C:/Program Files (x86)/Nmap;C:/Users/Fabian/AppData/Local/GitHubDesktop/bin;C:/Users/Fabian/AppData/Local/Programs/MiKTeX 2.9/miktex/bin/x64;C:/OpenSG/lib;C:/Users/Fabian/AppData/Roaming/npm;C:/Users/Fabian/IdeaProjects/BuzzwordBingo/glassfish5/glassfish/bin
com.sun.enterprise.glassfish.bootstrap.ASMain
-upgrade
false
-domaindir
C:/Users/Fabian/IdeaProjects/BuzzwordBingo/glassfish5/glassfish/domains/domain1
-read-stdin
true
-asadmin-args
--host,,,localhost,,,--port,,,4848,,,--secure=false,,,--terse=false,,,--echo=false,,,--interactive=true,,,start-domain,,,--verbose=true,,,--watchdog=false,,,--debug=false,,,--domaindir,,,C:\Users\Fabian\IdeaProjects\BuzzwordBingo\glassfish5\glassfish\domains,,,domain1
-domainname
domain1
-instancename
server
-type
DAS
-verbose
true
-asadmin-classpath
C:/Users/Fabian/IdeaProjects/BuzzwordBingo/glassfish5/glassfish/modules/admin-cli.jar
-debug
false
-asadmin-classname
com.sun.enterprise.admin.cli.AdminMain]]

[2018-06-30T09:53:57.441+0200] [glassfish 5.0] [INFO] [NCLS-LOGGING-00009] [javax.enterprise.logging] [tid: _ThreadID=17 _ThreadName=RunLevelControllerThread-1530345236713] [timeMillis: 1530345237441] [levelValue: 800] [[
  Running GlassFish Version: GlassFish Server Open Source Edition  5.0  (build 25)]]

[2018-06-30T09:53:57.441+0200] [glassfish 5.0] [INFO] [NCLS-LOGGING-00010] [javax.enterprise.logging] [tid: _ThreadID=17 _ThreadName=RunLevelControllerThread-1530345236713] [timeMillis: 1530345237441] [levelValue: 800] [[
  Server log file is using Formatter class: com.sun.enterprise.server.logging.ODLLogFormatter]]

[2018-06-30T09:53:57.784+0200] [glassfish 5.0] [INFO] [NCLS-SECURITY-01115] [javax.enterprise.system.core.security] [tid: _ThreadID=16 _ThreadName=RunLevelControllerThread-1530345236713] [timeMillis: 1530345237784] [levelValue: 800] [[
  Realm [admin-realm] of classtype [com.sun.enterprise.security.auth.realm.file.FileRealm] successfully created.]]

[2018-06-30T09:53:57.784+0200] [glassfish 5.0] [INFO] [NCLS-SECURITY-01115] [javax.enterprise.system.core.security] [tid: _ThreadID=16 _ThreadName=RunLevelControllerThread-1530345236713] [timeMillis: 1530345237784] [levelValue: 800] [[
  Realm [file] of classtype [com.sun.enterprise.security.auth.realm.file.FileRealm] successfully created.]]

[2018-06-30T09:53:57.800+0200] [glassfish 5.0] [INFO] [NCLS-SECURITY-01115] [javax.enterprise.system.core.security] [tid: _ThreadID=16 _ThreadName=RunLevelControllerThread-1530345236713] [timeMillis: 1530345237800] [levelValue: 800] [[
  Realm [certificate] of classtype [com.sun.enterprise.security.auth.realm.certificate.CertificateRealm] successfully created.]]

[2018-06-30T09:53:58.143+0200] [glassfish 5.0] [INFO] [] [org.glassfish.ha.store.spi.BackingStoreFactoryRegistry] [tid: _ThreadID=17 _ThreadName=RunLevelControllerThread-1530345236713] [timeMillis: 1530345238143] [levelValue: 800] [[
  Registered org.glassfish.ha.store.adapter.cache.ShoalBackingStoreProxy for persistence-type = replicated in BackingStoreFactoryRegistry]]

[2018-06-30T09:53:58.205+0200] [glassfish 5.0] [INFO] [SEC-SVCS-00100] [javax.enterprise.security.services] [tid: _ThreadID=18 _ThreadName=RunLevelControllerThread-1530345236729] [timeMillis: 1530345238205] [levelValue: 800] [[
  Authorization Service has successfully initialized.]]

[2018-06-30T09:53:58.782+0200] [glassfish 5.0] [INFO] [NCLS-CORE-00087] [javax.enterprise.system.core] [tid: _ThreadID=16 _ThreadName=RunLevelControllerThread-1530345236713] [timeMillis: 1530345238782] [levelValue: 800] [[
  Grizzly Framework 2.4.1 started in: 78ms - bound to [/0.0.0.0:8080]]]

[2018-06-30T09:53:58.860+0200] [glassfish 5.0] [INFO] [NCLS-CORE-00087] [javax.enterprise.system.core] [tid: _ThreadID=16 _ThreadName=RunLevelControllerThread-1530345236713] [timeMillis: 1530345238860] [levelValue: 800] [[
  Grizzly Framework 2.4.1 started in: 46ms - bound to [/0.0.0.0:8181]]]

[2018-06-30T09:53:58.876+0200] [glassfish 5.0] [INFO] [NCLS-CORE-00087] [javax.enterprise.system.core] [tid: _ThreadID=16 _ThreadName=RunLevelControllerThread-1530345236713] [timeMillis: 1530345238876] [levelValue: 800] [[
  Grizzly Framework 2.4.1 started in: 16ms - bound to [/0.0.0.0:4848]]]

[2018-06-30T09:53:58.954+0200] [glassfish 5.0] [INFO] [NCLS-CORE-00087] [javax.enterprise.system.core] [tid: _ThreadID=17 _ThreadName=RunLevelControllerThread-1530345236713] [timeMillis: 1530345238954] [levelValue: 800] [[
  Grizzly Framework 2.4.1 started in: 16ms - bound to [/0.0.0.0:3700]]]

[2018-06-30T09:53:58.954+0200] [glassfish 5.0] [INFO] [NCLS-CORE-00017] [javax.enterprise.system.core] [tid: _ThreadID=1 _ThreadName=main] [timeMillis: 1530345238954] [levelValue: 800] [[
  GlassFish Server Open Source Edition  5.0  (25) startup time : Felix (5.335ms), startup services(2.241ms), total(7.576ms)]]

[2018-06-30T09:54:00.202+0200] [glassfish 5.0] [INFO] [jts.startup_msg] [javax.enterprise.system.core.transaction.com.sun.jts.CosTransactions] [tid: _ThreadID=16 _ThreadName=RunLevelControllerThread-1530345236713] [timeMillis: 1530345240202] [levelValue: 800] [[
  JTS5014: Recoverable JTS instance, serverId = [100]]]

[2018-06-30T09:54:00.405+0200] [glassfish 5.0] [INFO] [NCLS-BOOTSTRAP-00027] [javax.enterprise.bootstrap] [tid: _ThreadID=1 _ThreadName=main] [timeMillis: 1530345240405] [levelValue: 800] [[
  Registered com.sun.enterprise.glassfish.bootstrap.osgi.EmbeddedOSGiGlassFishImpl@4cafa9aa as OSGi service registration: org.apache.felix.framework.ServiceRegistrationImpl@3adbe50f.]]

[2018-06-30T09:54:00.732+0200] [glassfish 5.0] [INFO] [NCLS-JMX-00005] [javax.enterprise.system.jmx] [tid: _ThreadID=51 _ThreadName=Thread-12] [timeMillis: 1530345240732] [levelValue: 800] [[
  JMXStartupService has started JMXConnector on JMXService URL service:jmx:rmi://LXN5.hsg2.local:8686/jndi/rmi://LXN5.hsg2.local:8686/jmxrmi]]

[2018-06-30T09:58:01.762+0200] [glassfish 5.0] [INFO] [NCLS-REST-00001] [javax.enterprise.admin.rest] [tid: _ThreadID=42 _ThreadName=admin-listener(1)] [timeMillis: 1530345481762] [levelValue: 800] [[
  Listening to REST requests at context: /command/domain.]]

[2018-06-30T09:58:02.090+0200] [glassfish 5.0] [INFO] [] [org.hibernate.validator.internal.util.Version] [tid: _ThreadID=42 _ThreadName=admin-listener(1)] [timeMillis: 1530345482090] [levelValue: 800] [[
  HV000001: Hibernate Validator 6.0.2.Final]]

[2018-06-30T09:58:03.206+0200] [glassfish 5.0] [INFO] [NCLS-CORE-00092] [javax.enterprise.system.core] [tid: _ThreadID=84 _ThreadName=Thread-20] [timeMillis: 1530345483206] [levelValue: 800] [[
  Server shutdown initiated]]

[2018-06-30T09:58:03.237+0200] [glassfish 5.0] [INFO] [NCLS-BOOTSTRAP-00028] [javax.enterprise.bootstrap] [tid: _ThreadID=84 _ThreadName=Thread-20] [timeMillis: 1530345483237] [levelValue: 800] [[
  Unregistered com.sun.enterprise.glassfish.bootstrap.osgi.EmbeddedOSGiGlassFishImpl@4cafa9aa from service registry.]]

[2018-06-30T09:58:03.237+0200] [glassfish 5.0] [INFO] [] [] [tid: _ThreadID=84 _ThreadName=Thread-8] [timeMillis: 1530345483237] [levelValue: 800] [[
  FileMonitoring shutdown]]

[2018-06-30T09:58:03.253+0200] [glassfish 5.0] [INFO] [NCLS-JMX-00002] [javax.enterprise.system.jmx] [tid: _ThreadID=84 _ThreadName=Thread-20] [timeMillis: 1530345483253] [levelValue: 800] [[
  JMXStartupService: Stopped JMXConnectorServer: null]]

[2018-06-30T09:58:03.253+0200] [glassfish 5.0] [INFO] [NCLS-JMX-00001] [javax.enterprise.system.jmx] [tid: _ThreadID=84 _ThreadName=Thread-20] [timeMillis: 1530345483253] [levelValue: 800] [[
  JMXStartupService and JMXConnectors have been shut down.]]

[2018-06-30T09:58:27.841+0200] [] [INFO] [NCLS-GFLAUNCHER-00005] [javax.enterprise.launcher] [tid: _ThreadID=1 _ThreadName=main] [timeMillis: 1530345507841] [levelValue: 800] [[
  JVM invocation command line:
C:\Program Files\Java\jdk1.8.0_121\bin\java.exe
-cp
C:/Users/Fabian/IdeaProjects/BuzzwordBingo/glassfish5/glassfish/modules/glassfish.jar
-XX:+UnlockDiagnosticVMOptions
-XX:NewRatio=2
-XX:MaxPermSize=192m
-Xmx512m
-javaagent:C:/Users/Fabian/IdeaProjects/BuzzwordBingo/glassfish5/glassfish/lib/monitor/flashlight-agent.jar
-client
-Djavax.xml.accessExternalSchema=all
-Djavax.net.ssl.trustStore=C:\Users\Fabian\IdeaProjects\BuzzwordBingo\glassfish5\glassfish\domains\domain1/config/cacerts.jks
-Djdk.tls.rejectClientInitiatedRenegotiation=true
-Djdk.corba.allowOutputStreamSubclass=true
-Dfelix.fileinstall.dir=C:\Users\Fabian\IdeaProjects\BuzzwordBingo\glassfish5\glassfish/modules/autostart/
-Dorg.glassfish.additionalOSGiBundlesToStart=org.apache.felix.shell,org.apache.felix.gogo.runtime,org.apache.felix.gogo.shell,org.apache.felix.gogo.command,org.apache.felix.shell.remote,org.apache.felix.fileinstall
-Dcom.sun.aas.installRoot=C:\Users\Fabian\IdeaProjects\BuzzwordBingo\glassfish5\glassfish
-Dfelix.fileinstall.poll=5000
-Djava.endorsed.dirs=C:\Users\Fabian\IdeaProjects\BuzzwordBingo\glassfish5\glassfish/modules/endorsed;C:\Users\Fabian\IdeaProjects\BuzzwordBingo\glassfish5\glassfish/lib/endorsed
-Djava.security.policy=C:\Users\Fabian\IdeaProjects\BuzzwordBingo\glassfish5\glassfish\domains\domain1/config/server.policy
-Dosgi.shell.telnet.maxconn=1
-Dfelix.fileinstall.bundles.startTransient=true
-Dcom.sun.enterprise.config.config_environment_factory_class=com.sun.enterprise.config.serverbeans.AppserverConfigEnvironmentFactory
-Dfelix.fileinstall.log.level=2
-Djavax.net.ssl.keyStore=C:\Users\Fabian\IdeaProjects\BuzzwordBingo\glassfish5\glassfish\domains\domain1/config/keystore.jks
-Djava.security.auth.login.config=C:\Users\Fabian\IdeaProjects\BuzzwordBingo\glassfish5\glassfish\domains\domain1/config/login.conf
-Dfelix.fileinstall.disableConfigSave=false
-Dfelix.fileinstall.bundles.new.start=true
-Dcom.sun.aas.instanceRoot=C:\Users\Fabian\IdeaProjects\BuzzwordBingo\glassfish5\glassfish\domains\domain1
-Dosgi.shell.telnet.port=6666
-Dgosh.args=--nointeractive
-Dcom.sun.enterprise.security.httpsOutboundKeyAlias=s1as
-Dosgi.shell.telnet.ip=127.0.0.1
-DANTLR_USE_DIRECT_CLASS_LOADING=true
-Djava.awt.headless=true
-Dcom.ctc.wstx.returnNullForDefaultNamespace=true
-Djava.ext.dirs=C:\Program Files\Java\jre1.8.0_131/lib/ext;C:\Program Files\Java\jre1.8.0_131/jre/lib/ext;C:\Users\Fabian\IdeaProjects\BuzzwordBingo\glassfish5\glassfish\domains\domain1/lib/ext
-Djdbc.drivers=org.apache.derby.jdbc.ClientDriver
-Djava.library.path=C:/Users/Fabian/IdeaProjects/BuzzwordBingo/glassfish5/glassfish/lib;C:/ProgramData/Oracle/Java/javapath;C:/Windows/Sun/Java/bin;C:/Windows/System32;C:/Windows;C:/Program Files (x86)/Intel/iCLS Client;C:/Program Files/Intel/iCLS Client;C:/Windows/System32/wbem;C:/Windows/System32/WindowsPowerShell/v1.0;C:/Program Files (x86)/Intel/Intel(R) Management Engine Components/DAL;C:/Program Files/Intel/Intel(R) Management Engine Components/DAL;C:/Program Files (x86)/Intel/Intel(R) Management Engine Components/IPT;C:/Program Files/Intel/Intel(R) Management Engine Components/IPT;C:/Program Files/Intel/WiFi/bin;C:/Program Files/Common Files/Intel/WirelessCommon;C:/Program Files/MiKTeX 2.9/miktex/bin/x64;C:/Program Files (x86)/GtkSharp/2.12/bin;C:/Program Files/MySQL/MySQL Utilities 1.6;C:/Program Files/nodejs;C:/Users/Fabian/Kitty;C:/Program Files (x86)/Sophos/Sophos SSL VPN Client/bin;C:/Program Files/CMake/bin;C:/Program Files/mingw-w64/x86_64-7.2.0-posix-seh-rt_v5-rev1/mingw64/bin;C:/opencv/build/bin;C:/Program Files (x86)/Nmap;C:/Users/Fabian/AppData/Local/GitHubDesktop/bin;C:/Users/Fabian/AppData/Local/Programs/MiKTeX 2.9/miktex/bin/x64;C:/OpenSG/lib;C:/Users/Fabian/AppData/Roaming/npm;C:/Users/Fabian/IdeaProjects/BuzzwordBingo/glassfish5/glassfish/bin
com.sun.enterprise.glassfish.bootstrap.ASMain
-upgrade
false
-domaindir
C:/Users/Fabian/IdeaProjects/BuzzwordBingo/glassfish5/glassfish/domains/domain1
-read-stdin
true
-asadmin-args
--host,,,localhost,,,--port,,,4848,,,--secure=false,,,--terse=false,,,--echo=false,,,--interactive=false,,,start-domain,,,--verbose=false,,,--watchdog=false,,,--debug=false,,,--domaindir,,,C:\Users\Fabian\IdeaProjects\BuzzwordBingo\glassfish5\glassfish\domains,,,domain1
-domainname
domain1
-instancename
server
-type
DAS
-verbose
false
-asadmin-classpath
C:/Users/Fabian/IdeaProjects/BuzzwordBingo/glassfish5/glassfish/lib/client/appserver-cli.jar
-debug
false
-asadmin-classname
com.sun.enterprise.admin.cli.AdminMain]]

[2018-06-30T09:58:31.569+0200] [glassfish 5.0] [INFO] [NCLS-LOGGING-00009] [javax.enterprise.logging] [tid: _ThreadID=17 _ThreadName=RunLevelControllerThread-1530345511397] [timeMillis: 1530345511569] [levelValue: 800] [[
  Running GlassFish Version: GlassFish Server Open Source Edition  5.0  (build 25)]]

[2018-06-30T09:58:31.569+0200] [glassfish 5.0] [INFO] [NCLS-LOGGING-00010] [javax.enterprise.logging] [tid: _ThreadID=17 _ThreadName=RunLevelControllerThread-1530345511397] [timeMillis: 1530345511569] [levelValue: 800] [[
  Server log file is using Formatter class: com.sun.enterprise.server.logging.ODLLogFormatter]]

[2018-06-30T09:58:31.756+0200] [glassfish 5.0] [INFO] [NCLS-SECURITY-01115] [javax.enterprise.system.core.security] [tid: _ThreadID=16 _ThreadName=RunLevelControllerThread-1530345511397] [timeMillis: 1530345511756] [levelValue: 800] [[
  Realm [admin-realm] of classtype [com.sun.enterprise.security.auth.realm.file.FileRealm] successfully created.]]

[2018-06-30T09:58:31.756+0200] [glassfish 5.0] [INFO] [NCLS-SECURITY-01115] [javax.enterprise.system.core.security] [tid: _ThreadID=16 _ThreadName=RunLevelControllerThread-1530345511397] [timeMillis: 1530345511756] [levelValue: 800] [[
  Realm [file] of classtype [com.sun.enterprise.security.auth.realm.file.FileRealm] successfully created.]]

[2018-06-30T09:58:31.756+0200] [glassfish 5.0] [INFO] [NCLS-SECURITY-01115] [javax.enterprise.system.core.security] [tid: _ThreadID=16 _ThreadName=RunLevelControllerThread-1530345511397] [timeMillis: 1530345511756] [levelValue: 800] [[
  Realm [certificate] of classtype [com.sun.enterprise.security.auth.realm.certificate.CertificateRealm] successfully created.]]

[2018-06-30T09:58:32.396+0200] [glassfish 5.0] [INFO] [] [org.glassfish.ha.store.spi.BackingStoreFactoryRegistry] [tid: _ThreadID=17 _ThreadName=RunLevelControllerThread-1530345511397] [timeMillis: 1530345512396] [levelValue: 800] [[
  Registered org.glassfish.ha.store.adapter.cache.ShoalBackingStoreProxy for persistence-type = replicated in BackingStoreFactoryRegistry]]

[2018-06-30T09:58:32.396+0200] [glassfish 5.0] [INFO] [SEC-SVCS-00100] [javax.enterprise.security.services] [tid: _ThreadID=19 _ThreadName=RunLevelControllerThread-1530345511413] [timeMillis: 1530345512396] [levelValue: 800] [[
  Authorization Service has successfully initialized.]]

[2018-06-30T09:58:32.599+0200] [glassfish 5.0] [INFO] [NCLS-CORE-00087] [javax.enterprise.system.core] [tid: _ThreadID=16 _ThreadName=RunLevelControllerThread-1530345511397] [timeMillis: 1530345512599] [levelValue: 800] [[
  Grizzly Framework 2.4.1 started in: 110ms - bound to [/0.0.0.0:8080]]]

[2018-06-30T09:58:32.630+0200] [glassfish 5.0] [INFO] [NCLS-CORE-00087] [javax.enterprise.system.core] [tid: _ThreadID=16 _ThreadName=RunLevelControllerThread-1530345511397] [timeMillis: 1530345512630] [levelValue: 800] [[
  Grizzly Framework 2.4.1 started in: 16ms - bound to [/0.0.0.0:8181]]]

[2018-06-30T09:58:32.645+0200] [glassfish 5.0] [INFO] [NCLS-CORE-00087] [javax.enterprise.system.core] [tid: _ThreadID=16 _ThreadName=RunLevelControllerThread-1530345511397] [timeMillis: 1530345512645] [levelValue: 800] [[
  Grizzly Framework 2.4.1 started in: 15ms - bound to [/0.0.0.0:4848]]]

[2018-06-30T09:58:32.708+0200] [glassfish 5.0] [INFO] [NCLS-CORE-00087] [javax.enterprise.system.core] [tid: _ThreadID=17 _ThreadName=RunLevelControllerThread-1530345511397] [timeMillis: 1530345512708] [levelValue: 800] [[
  Grizzly Framework 2.4.1 started in: 16ms - bound to [/0.0.0.0:3700]]]

[2018-06-30T09:58:32.708+0200] [glassfish 5.0] [INFO] [NCLS-CORE-00017] [javax.enterprise.system.core] [tid: _ThreadID=1 _ThreadName=main] [timeMillis: 1530345512708] [levelValue: 800] [[
  GlassFish Server Open Source Edition  5.0  (25) startup time : Felix (2.800ms), startup services(1.311ms), total(4.111ms)]]

[2018-06-30T09:58:33.368+0200] [glassfish 5.0] [INFO] [jts.startup_msg] [javax.enterprise.system.core.transaction.com.sun.jts.CosTransactions] [tid: _ThreadID=19 _ThreadName=RunLevelControllerThread-1530345511413] [timeMillis: 1530345513368] [levelValue: 800] [[
  JTS5014: Recoverable JTS instance, serverId = [100]]]

[2018-06-30T09:58:33.540+0200] [glassfish 5.0] [INFO] [] [org.hibernate.validator.internal.util.Version] [tid: _ThreadID=45 _ThreadName=admin-listener(3)] [timeMillis: 1530345513540] [levelValue: 800] [[
  HV000001: Hibernate Validator 6.0.2.Final]]

[2018-06-30T09:58:33.618+0200] [glassfish 5.0] [INFO] [NCLS-BOOTSTRAP-00027] [javax.enterprise.bootstrap] [tid: _ThreadID=1 _ThreadName=main] [timeMillis: 1530345513618] [levelValue: 800] [[
  Registered com.sun.enterprise.glassfish.bootstrap.osgi.EmbeddedOSGiGlassFishImpl@963176 as OSGi service registration: org.apache.felix.framework.ServiceRegistrationImpl@ecfbe91.]]

[2018-06-30T09:58:33.914+0200] [glassfish 5.0] [INFO] [NCLS-JMX-00005] [javax.enterprise.system.jmx] [tid: _ThreadID=54 _ThreadName=Thread-14] [timeMillis: 1530345513914] [levelValue: 800] [[
  JMXStartupService has started JMXConnector on JMXService URL service:jmx:rmi://LXN5.hsg2.local:8686/jndi/rmi://LXN5.hsg2.local:8686/jmxrmi]]

[2018-06-30T09:58:35.817+0200] [glassfish 5.0] [INFO] [] [javax.enterprise.system.tools.deployment.common] [tid: _ThreadID=46 _ThreadName=admin-listener(4)] [timeMillis: 1530345515817] [levelValue: 800] [[
  visiting unvisited references]]

[2018-06-30T09:58:36.660+0200] [glassfish 5.0] [INFO] [NCLS-SECURITY-01002] [javax.enterprise.system.core.security] [tid: _ThreadID=46 _ThreadName=admin-listener(4)] [timeMillis: 1530345516660] [levelValue: 800] [[
  Java security manager is disabled.]]

[2018-06-30T09:58:36.660+0200] [glassfish 5.0] [INFO] [NCLS-SECURITY-01010] [javax.enterprise.system.core.security] [tid: _ThreadID=46 _ThreadName=admin-listener(4)] [timeMillis: 1530345516660] [levelValue: 800] [[
  Entering Security Startup Service.]]

[2018-06-30T09:58:36.675+0200] [glassfish 5.0] [INFO] [NCLS-SECURITY-01143] [javax.enterprise.system.core.security] [tid: _ThreadID=46 _ThreadName=admin-listener(4)] [timeMillis: 1530345516675] [levelValue: 800] [[
  Loading policy provider com.sun.enterprise.security.provider.PolicyWrapper.]]

[2018-06-30T09:58:36.722+0200] [glassfish 5.0] [INFO] [NCLS-SECURITY-01011] [javax.enterprise.system.core.security] [tid: _ThreadID=46 _ThreadName=admin-listener(4)] [timeMillis: 1530345516722] [levelValue: 800] [[
  Security Service(s) started successfully.]]

[2018-06-30T09:58:36.972+0200] [glassfish 5.0] [INFO] [AS-WEB-GLUE-00198] [javax.enterprise.web] [tid: _ThreadID=46 _ThreadName=admin-listener(4)] [timeMillis: 1530345516972] [levelValue: 800] [[
  Created HTTP listener http-listener-1 on host/port 0.0.0.0:8080]]

[2018-06-30T09:58:36.972+0200] [glassfish 5.0] [INFO] [AS-WEB-GLUE-00198] [javax.enterprise.web] [tid: _ThreadID=46 _ThreadName=admin-listener(4)] [timeMillis: 1530345516972] [levelValue: 800] [[
  Created HTTP listener http-listener-2 on host/port 0.0.0.0:8181]]

[2018-06-30T09:58:36.972+0200] [glassfish 5.0] [INFO] [AS-WEB-GLUE-00198] [javax.enterprise.web] [tid: _ThreadID=46 _ThreadName=admin-listener(4)] [timeMillis: 1530345516972] [levelValue: 800] [[
  Created HTTP listener admin-listener on host/port 0.0.0.0:4848]]

[2018-06-30T09:58:36.987+0200] [glassfish 5.0] [INFO] [AS-WEB-GLUE-00200] [javax.enterprise.web] [tid: _ThreadID=46 _ThreadName=admin-listener(4)] [timeMillis: 1530345516987] [levelValue: 800] [[
  Created virtual server server]]

[2018-06-30T09:58:37.003+0200] [glassfish 5.0] [INFO] [AS-WEB-GLUE-00200] [javax.enterprise.web] [tid: _ThreadID=46 _ThreadName=admin-listener(4)] [timeMillis: 1530345517003] [levelValue: 800] [[
  Created virtual server __asadmin]]

[2018-06-30T09:58:37.237+0200] [glassfish 5.0] [INFO] [AS-WEB-CORE-00306] [javax.enterprise.web.core] [tid: _ThreadID=46 _ThreadName=admin-listener(4)] [timeMillis: 1530345517237] [levelValue: 800] [[
  Setting JAAS app name glassfish-web]]

[2018-06-30T09:58:37.252+0200] [glassfish 5.0] [INFO] [AS-WEB-GLUE-00201] [javax.enterprise.web] [tid: _ThreadID=46 _ThreadName=admin-listener(4)] [timeMillis: 1530345517252] [levelValue: 800] [[
  Virtual server server loaded default web module ]]

[2018-06-30T09:58:37.876+0200] [glassfish 5.0] [INFO] [] [org.jboss.weld.Version] [tid: _ThreadID=46 _ThreadName=admin-listener(4)] [timeMillis: 1530345517876] [levelValue: 800] [[
  WELD-000900: 3.0.0 (Final)]]

[2018-06-30T09:58:38.505+0200] [glassfish 5.0] [INFO] [] [org.jboss.weld.Event] [tid: _ThreadID=46 _ThreadName=admin-listener(4)] [timeMillis: 1530345518505] [levelValue: 800] [[
  WELD-000411: Observer method [BackedAnnotatedMethod] private org.glassfish.jersey.ext.cdi1x.internal.CdiComponentProvider.processAnnotatedType(@Observes ProcessAnnotatedType) receives events for all annotated types. Consider restricting events using @WithAnnotations or a generic type with bounds.]]

[2018-06-30T09:58:38.521+0200] [glassfish 5.0] [INFO] [] [org.jboss.weld.Event] [tid: _ThreadID=46 _ThreadName=admin-listener(4)] [timeMillis: 1530345518521] [levelValue: 800] [[
  WELD-000411: Observer method [BackedAnnotatedMethod] org.glassfish.sse.impl.ServerSentEventCdiExtension.processAnnotatedType(@Observes ProcessAnnotatedType<T>, BeanManager) receives events for all annotated types. Consider restricting events using @WithAnnotations or a generic type with bounds.]]

[2018-06-30T09:58:38.537+0200] [glassfish 5.0] [WARN] [] [org.jboss.weld.Bootstrap] [tid: _ThreadID=46 _ThreadName=admin-listener(4)] [timeMillis: 1530345518537] [levelValue: 900] [[
  WELD-000146: BeforeBeanDiscovery.addAnnotatedType(AnnotatedType<?>) used for class org.glassfish.cdi.transaction.TransactionalInterceptorMandatory is deprecated from CDI 1.1!]]

[2018-06-30T09:58:38.552+0200] [glassfish 5.0] [WARN] [] [org.jboss.weld.Bootstrap] [tid: _ThreadID=46 _ThreadName=admin-listener(4)] [timeMillis: 1530345518552] [levelValue: 900] [[
  WELD-000146: BeforeBeanDiscovery.addAnnotatedType(AnnotatedType<?>) used for class org.glassfish.cdi.transaction.TransactionalInterceptorNever is deprecated from CDI 1.1!]]

[2018-06-30T09:58:38.552+0200] [glassfish 5.0] [WARN] [] [org.jboss.weld.Bootstrap] [tid: _ThreadID=46 _ThreadName=admin-listener(4)] [timeMillis: 1530345518552] [levelValue: 900] [[
  WELD-000146: BeforeBeanDiscovery.addAnnotatedType(AnnotatedType<?>) used for class org.glassfish.cdi.transaction.TransactionalInterceptorNotSupported is deprecated from CDI 1.1!]]

[2018-06-30T09:58:38.568+0200] [glassfish 5.0] [WARN] [] [org.jboss.weld.Bootstrap] [tid: _ThreadID=46 _ThreadName=admin-listener(4)] [timeMillis: 1530345518568] [levelValue: 900] [[
  WELD-000146: BeforeBeanDiscovery.addAnnotatedType(AnnotatedType<?>) used for class org.glassfish.cdi.transaction.TransactionalInterceptorRequired is deprecated from CDI 1.1!]]

[2018-06-30T09:58:38.568+0200] [glassfish 5.0] [WARN] [] [org.jboss.weld.Bootstrap] [tid: _ThreadID=46 _ThreadName=admin-listener(4)] [timeMillis: 1530345518568] [levelValue: 900] [[
  WELD-000146: BeforeBeanDiscovery.addAnnotatedType(AnnotatedType<?>) used for class org.glassfish.cdi.transaction.TransactionalInterceptorRequiresNew is deprecated from CDI 1.1!]]

[2018-06-30T09:58:38.568+0200] [glassfish 5.0] [WARN] [] [org.jboss.weld.Bootstrap] [tid: _ThreadID=46 _ThreadName=admin-listener(4)] [timeMillis: 1530345518568] [levelValue: 900] [[
  WELD-000146: BeforeBeanDiscovery.addAnnotatedType(AnnotatedType<?>) used for class org.glassfish.cdi.transaction.TransactionalInterceptorSupports is deprecated from CDI 1.1!]]

[2018-06-30T09:58:38.599+0200] [glassfish 5.0] [WARN] [] [org.jboss.weld.Bootstrap] [tid: _ThreadID=46 _ThreadName=admin-listener(4)] [timeMillis: 1530345518599] [levelValue: 900] [[
  WELD-000146: BeforeBeanDiscovery.addAnnotatedType(AnnotatedType<?>) used for class org.glassfish.jersey.ext.cdi1x.internal.CdiComponentProvider$JaxRsParamProducer is deprecated from CDI 1.1!]]

[2018-06-30T09:58:38.615+0200] [glassfish 5.0] [WARN] [] [org.jboss.weld.Bootstrap] [tid: _ThreadID=46 _ThreadName=admin-listener(4)] [timeMillis: 1530345518615] [levelValue: 900] [[
  WELD-000146: BeforeBeanDiscovery.addAnnotatedType(AnnotatedType<?>) used for class com.sun.faces.flow.FlowDiscoveryCDIHelper is deprecated from CDI 1.1!]]

[2018-06-30T09:58:38.615+0200] [glassfish 5.0] [WARN] [] [org.jboss.weld.Bootstrap] [tid: _ThreadID=46 _ThreadName=admin-listener(4)] [timeMillis: 1530345518615] [levelValue: 900] [[
  WELD-000146: BeforeBeanDiscovery.addAnnotatedType(AnnotatedType<?>) used for class org.glassfish.jersey.ext.cdi1x.servlet.internal.CdiExternalRequestScope is deprecated from CDI 1.1!]]

[2018-06-30T09:58:38.615+0200] [glassfish 5.0] [WARN] [] [org.jboss.weld.Bootstrap] [tid: _ThreadID=46 _ThreadName=admin-listener(4)] [timeMillis: 1530345518615] [levelValue: 900] [[
  WELD-000146: BeforeBeanDiscovery.addAnnotatedType(AnnotatedType<?>) used for class org.glassfish.jersey.ext.cdi1x.transaction.internal.WebAppExceptionHolder is deprecated from CDI 1.1!]]

[2018-06-30T09:58:38.615+0200] [glassfish 5.0] [WARN] [] [org.jboss.weld.Bootstrap] [tid: _ThreadID=46 _ThreadName=admin-listener(4)] [timeMillis: 1530345518615] [levelValue: 900] [[
  WELD-000146: BeforeBeanDiscovery.addAnnotatedType(AnnotatedType<?>) used for class org.glassfish.jersey.ext.cdi1x.transaction.internal.WebAppExceptionInterceptor is deprecated from CDI 1.1!]]

[2018-06-30T09:58:38.630+0200] [glassfish 5.0] [WARN] [] [org.jboss.weld.Bootstrap] [tid: _ThreadID=46 _ThreadName=admin-listener(4)] [timeMillis: 1530345518630] [levelValue: 900] [[
  WELD-000146: BeforeBeanDiscovery.addAnnotatedType(AnnotatedType<?>) used for class org.glassfish.jersey.ext.cdi1x.transaction.internal.TransactionalExceptionMapper is deprecated from CDI 1.1!]]

[2018-06-30T09:58:39.738+0200] [glassfish 5.0] [INFO] [] [org.glassfish.tyrus.servlet.TyrusServletContainerInitializer] [tid: _ThreadID=46 _ThreadName=admin-listener(4)] [timeMillis: 1530345519738] [levelValue: 800] [[
  Registering WebSocket filter for url pattern /*]]

[2018-06-30T09:58:39.738+0200] [glassfish 5.0] [INFO] [] [org.glassfish.soteria.servlet.SamRegistrationInstaller] [tid: _ThreadID=46 _ThreadName=admin-listener(4)] [timeMillis: 1530345519738] [levelValue: 800] [[
  Initializing Soteria 1.0 for context '/BuzzwordBingo']]

[2018-06-30T09:58:39.863+0200] [glassfish 5.0] [INFO] [jsf.config.listener.version] [javax.enterprise.resource.webcontainer.jsf.config] [tid: _ThreadID=46 _ThreadName=admin-listener(4)] [timeMillis: 1530345519863] [levelValue: 800] [[
  Mojarra 2.3.2 ( 20170627-2139 e63598abf2ed2bb1a24674f308a734e0dce18a72) für Kontext '/BuzzwordBingo' wird initialisiert.]]

[2018-06-30T09:58:49.329+0200] [glassfish 5.0] [INFO] [AS-WEB-GLUE-00172] [javax.enterprise.web] [tid: _ThreadID=46 _ThreadName=admin-listener(4)] [timeMillis: 1530345529329] [levelValue: 800] [[
  Loading application [BuzzwordBingo] at [/BuzzwordBingo]]]

[2018-06-30T09:58:50.155+0200] [glassfish 5.0] [INFO] [] [javax.enterprise.system.core] [tid: _ThreadID=46 _ThreadName=admin-listener(4)] [timeMillis: 1530345530155] [levelValue: 800] [[
  BuzzwordBingo was successfully deployed in 15.024 milliseconds.]]

[2018-06-30T10:00:12.701+0200] [glassfish 5.0] [INFO] [NCLS-REST-00001] [javax.enterprise.admin.rest] [tid: _ThreadID=47 _ThreadName=admin-listener(5)] [timeMillis: 1530345612701] [levelValue: 800] [[
  Listening to REST requests at context: /command/domain.]]

[2018-06-30T10:00:12.935+0200] [glassfish 5.0] [INFO] [NCLS-CORE-00092] [javax.enterprise.system.core] [tid: _ThreadID=132 _ThreadName=Thread-24] [timeMillis: 1530345612935] [levelValue: 800] [[
  Server shutdown initiated]]

[2018-06-30T10:00:12.966+0200] [glassfish 5.0] [INFO] [NCLS-BOOTSTRAP-00028] [javax.enterprise.bootstrap] [tid: _ThreadID=132 _ThreadName=Thread-24] [timeMillis: 1530345612966] [levelValue: 800] [[
  Unregistered com.sun.enterprise.glassfish.bootstrap.osgi.EmbeddedOSGiGlassFishImpl@963176 from service registry.]]

[2018-06-30T10:00:12.981+0200] [glassfish 5.0] [INFO] [] [] [tid: _ThreadID=132 _ThreadName=Thread-8] [timeMillis: 1530345612981] [levelValue: 800] [[
  FileMonitoring shutdown]]

[2018-06-30T10:00:12.997+0200] [glassfish 5.0] [INFO] [NCLS-JMX-00002] [javax.enterprise.system.jmx] [tid: _ThreadID=132 _ThreadName=Thread-24] [timeMillis: 1530345612997] [levelValue: 800] [[
  JMXStartupService: Stopped JMXConnectorServer: null]]

[2018-06-30T10:00:12.997+0200] [glassfish 5.0] [INFO] [NCLS-JMX-00001] [javax.enterprise.system.jmx] [tid: _ThreadID=132 _ThreadName=Thread-24] [timeMillis: 1530345612997] [levelValue: 800] [[
  JMXStartupService and JMXConnectors have been shut down.]]

[2018-06-30T10:00:13.184+0200] [glassfish 5.0] [INFO] [] [] [tid: _ThreadID=142 _ThreadName=Thread-8] [timeMillis: 1530345613184] [levelValue: 800] [[
  JdbcRuntimeExtension,  getAllSystemRAResourcesAndPools = [GlassFishConfigBean.org.glassfish.jdbc.config.JdbcResource, GlassFishConfigBean.org.glassfish.jdbc.config.JdbcResource, GlassFishConfigBean.org.glassfish.jdbc.config.JdbcConnectionPool, GlassFishConfigBean.org.glassfish.jdbc.config.JdbcConnectionPool]]]

